TN:
SF:src/app.ts
FN:32,initializeAdmin
FN:59,seedKnowledgeBase
FN:71,verifyEmbeddings
FN:97,(anonymous_4)
FN:104,(anonymous_5)
FN:121,(anonymous_6)
FN:179,(anonymous_7)
FN:188,(anonymous_8)
FN:200,(anonymous_9)
FN:203,(anonymous_10)
FN:214,(anonymous_11)
FN:217,(anonymous_12)
FN:221,(anonymous_13)
FN:224,(anonymous_14)
FN:231,(anonymous_15)
FN:238,(anonymous_16)
FN:242,(anonymous_17)
FNF:17
FNH:0
FNDA:0,initializeAdmin
FNDA:0,seedKnowledgeBase
FNDA:0,verifyEmbeddings
FNDA:0,(anonymous_4)
FNDA:0,(anonymous_5)
FNDA:0,(anonymous_6)
FNDA:0,(anonymous_7)
FNDA:0,(anonymous_8)
FNDA:0,(anonymous_9)
FNDA:0,(anonymous_10)
FNDA:0,(anonymous_11)
FNDA:0,(anonymous_12)
FNDA:0,(anonymous_13)
FNDA:0,(anonymous_14)
FNDA:0,(anonymous_15)
FNDA:0,(anonymous_16)
FNDA:0,(anonymous_17)
DA:1,0
DA:2,0
DA:3,0
DA:4,0
DA:5,0
DA:6,0
DA:7,0
DA:8,0
DA:9,0
DA:10,0
DA:12,0
DA:13,0
DA:15,0
DA:29,0
DA:33,0
DA:34,0
DA:36,0
DA:40,0
DA:41,0
DA:43,0
DA:44,0
DA:54,0
DA:60,0
DA:62,0
DA:63,0
DA:64,0
DA:65,0
DA:66,0
DA:72,0
DA:73,0
DA:75,0
DA:76,0
DA:77,0
DA:78,0
DA:80,0
DA:81,0
DA:82,0
DA:84,0
DA:85,0
DA:86,0
DA:87,0
DA:89,0
DA:92,0
DA:96,0
DA:98,0
DA:101,0
DA:104,0
DA:107,0
DA:110,0
DA:113,0
DA:114,0
DA:115,0
DA:117,0
DA:120,0
DA:121,0
DA:122,0
DA:125,0
DA:176,0
DA:177,0
DA:179,0
DA:188,0
DA:189,0
DA:197,0
DA:200,0
DA:201,0
DA:202,0
DA:203,0
DA:204,0
DA:214,0
DA:215,0
DA:217,0
DA:218,0
DA:221,0
DA:222,0
DA:224,0
DA:225,0
DA:226,0
DA:231,0
DA:232,0
DA:237,0
DA:238,0
DA:239,0
DA:243,0
DA:244,0
DA:247,0
LF:85
LH:0
BRDA:40,0,0,0
BRDA:40,0,1,0
BRDA:63,1,0,0
BRDA:80,2,0,0
BRDA:80,2,1,0
BRDA:89,3,0,0
BRDA:89,3,1,0
BRDA:120,4,0,0
BRDA:176,5,0,0
BRDA:176,5,1,0
BRDA:177,6,0,0
BRDA:177,6,1,0
BRDA:184,7,0,0
BRDA:184,7,1,0
BRDA:202,8,0,0
BRDA:202,8,1,0
BRDA:207,9,0,0
BRDA:207,9,1,0
BRDA:225,10,0,0
BRDA:237,11,0,0
BRDA:237,11,1,0
BRF:21
BRH:0
end_of_record
TN:
SF:src/config/env.ts
FNF:0
FNH:0
DA:1,7
DA:4,7
DA:7,7
DA:8,7
DA:10,7
LF:5
LH:5
BRDA:7,0,0,7
BRDA:7,0,1,0
BRDA:11,1,0,7
BRDA:11,1,1,0
BRDA:12,2,0,7
BRDA:12,2,1,0
BRDA:15,3,0,7
BRDA:15,3,1,0
BRDA:18,4,0,7
BRDA:18,4,1,0
BRDA:19,5,0,7
BRDA:19,5,1,0
BRDA:20,6,0,7
BRDA:20,6,1,0
BRDA:21,7,0,7
BRDA:21,7,1,0
BRDA:24,8,0,7
BRDA:24,8,1,0
BRDA:25,9,0,7
BRDA:25,9,1,0
BRDA:26,10,0,7
BRDA:26,10,1,0
BRDA:29,11,0,7
BRDA:29,11,1,0
BRDA:30,12,0,7
BRDA:30,12,1,0
BRDA:33,13,0,7
BRDA:33,13,1,0
BRDA:34,14,0,7
BRDA:34,14,1,0
BRDA:37,15,0,7
BRDA:37,15,1,0
BRDA:40,16,0,7
BRDA:40,16,1,0
BRDA:43,17,0,7
BRDA:43,17,1,0
BRDA:46,18,0,7
BRDA:46,18,1,0
BRDA:49,19,0,7
BRDA:49,19,1,0
BRDA:50,20,0,7
BRDA:50,20,1,0
BRDA:51,21,0,7
BRDA:51,21,1,0
BRDA:52,22,0,7
BRDA:52,22,1,0
BRDA:55,23,0,7
BRDA:55,23,1,7
BRDA:56,24,0,7
BRDA:56,24,1,7
BRDA:59,25,0,7
BRDA:59,25,1,7
BRDA:60,26,0,7
BRDA:60,26,1,7
BRDA:63,27,0,7
BRDA:63,27,1,7
BRDA:66,28,0,7
BRDA:66,28,1,7
BRDA:69,29,0,7
BRDA:69,29,1,7
BRF:60
BRH:37
end_of_record
TN:
SF:src/config/groq.ts
FN:6,(anonymous_0)
FN:22,(anonymous_1)
FNF:2
FNH:0
FNDA:0,(anonymous_0)
FNDA:0,(anonymous_1)
DA:1,0
DA:2,0
DA:4,0
DA:6,0
DA:7,0
DA:8,0
DA:11,0
DA:12,0
DA:15,0
DA:19,0
DA:22,0
DA:23,0
DA:24,0
DA:26,0
LF:14
LH:0
BRDA:7,0,0,0
BRDA:11,1,0,0
BRDA:23,2,0,0
BRF:3
BRH:0
end_of_record
TN:
SF:src/config/logger.ts
FN:6,(anonymous_1)
FNF:1
FNH:0
FNDA:0,(anonymous_1)
DA:1,1
DA:2,1
DA:4,1
DA:6,1
DA:7,0
DA:10,1
LF:6
LH:5
BRDA:11,0,0,0
BRDA:11,0,1,1
BRF:2
BRH:1
end_of_record
TN:
SF:src/config/pinecone.ts
FN:6,(anonymous_0)
FN:22,(anonymous_1)
FNF:2
FNH:0
FNDA:0,(anonymous_0)
FNDA:0,(anonymous_1)
DA:1,0
DA:2,0
DA:4,0
DA:6,0
DA:7,0
DA:8,0
DA:11,0
DA:12,0
DA:15,0
DA:19,0
DA:22,0
DA:23,0
DA:24,0
DA:27,0
LF:14
LH:0
BRDA:7,0,0,0
BRDA:11,1,0,0
BRDA:23,2,0,0
BRF:3
BRH:0
end_of_record
TN:
SF:src/config/prisma.ts
FNF:0
FNH:0
DA:1,8
DA:7,8
DA:9,8
DA:10,8
DA:13,8
LF:5
LH:5
BRDA:7,0,0,8
BRDA:7,0,1,6
BRDA:9,1,0,8
BRF:3
BRH:3
end_of_record
TN:
SF:src/jobs/worker.ts
FN:12,(anonymous_0)
FN:17,(anonymous_1)
FNF:2
FNH:0
FNDA:0,(anonymous_0)
FNDA:0,(anonymous_1)
DA:1,0
DA:2,0
DA:3,0
DA:4,0
DA:5,0
DA:6,0
DA:7,0
DA:9,0
DA:10,0
DA:12,0
DA:13,0
DA:14,0
DA:17,0
DA:18,0
DA:19,0
LF:15
LH:0
BRF:0
BRH:0
end_of_record
TN:
SF:src/jobs/processors/ai.processor.ts
FN:20,(anonymous_1)
FN:75,(anonymous_2)
FN:92,processAiGeneration
FN:122,(anonymous_4)
FN:130,(anonymous_5)
FN:135,(anonymous_6)
FNF:6
FNH:0
FNDA:0,(anonymous_1)
FNDA:0,(anonymous_2)
FNDA:0,processAiGeneration
FNDA:0,(anonymous_4)
FNDA:0,(anonymous_5)
FNDA:0,(anonymous_6)
DA:1,0
DA:2,0
DA:4,0
DA:5,0
DA:6,0
DA:7,0
DA:20,0
DA:21,0
DA:72,0
DA:73,0
DA:75,0
DA:84,0
DA:92,0
DA:93,0
DA:95,0
DA:96,0
DA:97,0
DA:98,0
DA:99,0
DA:100,0
DA:102,0
DA:103,0
DA:105,0
DA:106,0
DA:107,0
DA:109,0
DA:116,0
DA:117,0
DA:121,0
DA:122,0
DA:125,0
DA:127,0
DA:128,0
DA:130,0
DA:135,0
DA:137,0
DA:139,0
DA:140,0
DA:143,0
DA:151,0
DA:153,0
DA:154,0
DA:156,0
DA:157,0
DA:158,0
DA:160,0
DA:161,0
DA:163,0
DA:175,0
DA:176,0
DA:177,0
DA:178,0
DA:180,0
DA:187,0
DA:197,0
DA:198,0
DA:199,0
DA:213,0
DA:214,0
DA:217,0
DA:219,0
DA:220,0
DA:221,0
DA:222,0
DA:231,0
DA:233,0
LF:66
LH:0
BRDA:72,0,0,0
BRDA:72,0,1,0
BRDA:72,1,0,0
BRDA:72,1,1,0
BRDA:73,2,0,0
BRDA:73,2,1,0
BRDA:80,3,0,0
BRDA:80,3,1,0
BRDA:93,4,0,0
BRDA:102,5,0,0
BRDA:102,5,1,0
BRDA:105,6,0,0
BRDA:105,6,1,0
BRDA:128,7,0,0
BRDA:128,7,1,0
BRDA:131,8,0,0
BRDA:131,8,1,0
BRDA:131,8,2,0
BRDA:137,9,0,0
BRDA:137,9,1,0
BRDA:139,10,0,0
BRDA:151,11,0,0
BRDA:151,11,1,0
BRDA:157,12,0,0
BRDA:157,12,1,0
BRDA:158,13,0,0
BRDA:158,13,1,0
BRDA:158,13,2,0
BRDA:160,14,0,0
BRDA:165,15,0,0
BRDA:165,15,1,0
BRDA:191,16,0,0
BRDA:191,16,1,0
BRDA:202,17,0,0
BRDA:202,17,1,0
BRDA:203,18,0,0
BRDA:203,18,1,0
BRDA:204,19,0,0
BRDA:204,19,1,0
BRDA:205,20,0,0
BRDA:205,20,1,0
BRDA:206,21,0,0
BRDA:206,21,1,0
BRDA:219,22,0,0
BRDA:221,23,0,0
BRDA:221,23,1,0
BRF:46
BRH:0
end_of_record
TN:
SF:src/jobs/processors/audit.processor.ts
FN:5,processAudit
FNF:1
FNH:0
FNDA:0,processAudit
DA:1,0
DA:3,0
DA:5,0
DA:6,0
DA:8,0
DA:9,0
DA:22,0
DA:23,0
DA:26,0
DA:27,0
LF:10
LH:0
BRF:0
BRH:0
end_of_record
TN:
SF:src/jobs/processors/cleanup.processor.ts
FN:7,processCleanup
FN:29,cleanupExpiredTokens
FN:37,cleanupFailedJobs
FN:46,cleanupTempFiles
FN:68,archiveOldAuditLogs
FNF:5
FNH:0
FNDA:0,processCleanup
FNDA:0,cleanupExpiredTokens
FNDA:0,cleanupFailedJobs
FNDA:0,cleanupTempFiles
FNDA:0,archiveOldAuditLogs
DA:1,0
DA:3,0
DA:4,0
DA:5,0
DA:7,0
DA:8,0
DA:10,0
DA:11,0
DA:13,0
DA:15,0
DA:17,0
DA:19,0
DA:21,0
DA:24,0
DA:25,0
DA:30,0
DA:33,0
DA:34,0
DA:38,0
DA:39,0
DA:42,0
DA:43,0
DA:47,0
DA:48,0
DA:50,0
DA:51,0
DA:52,0
DA:53,0
DA:54,0
DA:55,0
DA:57,0
DA:58,0
DA:59,0
DA:64,0
DA:65,0
DA:69,0
DA:70,0
DA:73,0
DA:74,0
LF:39
LH:0
BRDA:11,0,0,0
BRDA:11,0,1,0
BRDA:11,0,2,0
BRDA:11,0,3,0
BRDA:11,0,4,0
BRDA:47,1,0,0
BRDA:47,1,1,0
BRDA:50,2,0,0
BRDA:57,3,0,0
BRF:9
BRH:0
end_of_record
TN:
SF:src/jobs/processors/document.processor.ts
FN:27,createDemoDocuments
FN:86,refreshKnowledgeBase
FN:108,processDocumentIngestion
FN:132,(anonymous_10)
FN:142,(anonymous_11)
FN:151,(anonymous_12)
FNF:6
FNH:0
FNDA:0,createDemoDocuments
FNDA:0,refreshKnowledgeBase
FNDA:0,processDocumentIngestion
FNDA:0,(anonymous_10)
FNDA:0,(anonymous_11)
FNDA:0,(anonymous_12)
DA:1,0
DA:2,0
DA:3,0
DA:4,0
DA:5,0
DA:6,0
DA:15,0
DA:28,0
DA:35,0
DA:36,0
DA:37,0
DA:39,0
DA:45,0
DA:46,0
DA:63,0
DA:66,0
DA:74,0
DA:75,0
DA:82,0
DA:83,0
DA:86,0
DA:87,0
DA:93,0
DA:94,0
DA:95,0
DA:96,0
DA:97,0
DA:98,0
DA:101,0
DA:105,0
DA:108,0
DA:109,0
DA:110,0
DA:113,0
DA:115,0
DA:116,0
DA:121,0
DA:123,0
DA:124,0
DA:127,0
DA:128,0
DA:130,0
DA:131,0
DA:132,0
DA:133,0
DA:134,0
DA:136,0
DA:137,0
DA:139,0
DA:141,0
DA:142,0
DA:143,0
DA:144,0
DA:146,0
DA:147,0
DA:149,0
DA:150,0
DA:151,0
DA:152,0
DA:153,0
DA:154,0
DA:155,0
DA:157,0
DA:158,0
DA:161,0
DA:164,0
DA:165,0
DA:168,0
DA:169,0
DA:183,0
DA:184,0
DA:187,0
DA:191,0
DA:192,0
LF:74
LH:0
BRDA:27,0,0,0
BRDA:45,1,0,0
BRDA:45,1,1,0
BRDA:74,2,0,0
BRDA:82,3,0,0
BRDA:82,3,1,0
BRDA:86,4,0,0
BRDA:97,5,0,0
BRDA:97,6,0,0
BRDA:97,6,1,0
BRDA:109,7,0,0
BRDA:109,8,0,0
BRDA:109,8,1,0
BRDA:109,8,2,0
BRDA:123,9,0,0
BRDA:130,10,0,0
BRDA:130,10,1,0
BRDA:130,11,0,0
BRDA:130,11,1,0
BRDA:134,12,0,0
BRDA:134,12,1,0
BRDA:139,13,0,0
BRDA:139,13,1,0
BRDA:139,14,0,0
BRDA:139,14,1,0
BRDA:144,15,0,0
BRDA:144,15,1,0
BRDA:149,16,0,0
BRDA:149,16,1,0
BRDA:149,17,0,0
BRDA:149,17,1,0
BRDA:149,17,2,0
BRDA:154,18,0,0
BRDA:154,18,1,0
BRDA:154,18,2,0
BRDA:164,19,0,0
BRDA:164,20,0,0
BRDA:164,20,1,0
BRF:38
BRH:0
end_of_record
TN:
SF:src/jobs/processors/email.processor.ts
FN:11,processEmail
FN:33,renderTemplate
FNF:2
FNH:0
FNDA:0,processEmail
FNDA:0,renderTemplate
DA:1,0
DA:3,0
DA:5,0
DA:11,0
DA:12,0
DA:14,0
DA:15,0
DA:17,0
DA:24,0
DA:25,0
DA:28,0
DA:29,0
DA:34,0
DA:39,0
LF:14
LH:0
BRDA:6,0,0,0
BRDA:6,0,1,0
BRDA:7,1,0,0
BRDA:7,1,1,0
BRDA:15,2,0,0
BRDA:15,2,1,0
BRDA:15,3,0,0
BRDA:15,3,1,0
BRDA:15,4,0,0
BRDA:15,4,1,0
BRDA:18,5,0,0
BRDA:18,5,1,0
BRDA:35,6,0,0
BRDA:35,6,1,0
BRDA:36,7,0,0
BRDA:36,7,1,0
BRDA:37,8,0,0
BRDA:37,8,1,0
BRDA:37,9,0,0
BRDA:37,9,1,0
BRDA:39,10,0,0
BRDA:39,10,1,0
BRF:22
BRH:0
end_of_record
TN:
SF:src/jobs/processors/notification.processor.ts
FN:6,processNotification
FN:29,processBulkNotifications
FN:33,(anonymous_3)
FNF:3
FNH:0
FNDA:0,processNotification
FNDA:0,processBulkNotifications
FNDA:0,(anonymous_3)
DA:1,0
DA:3,0
DA:6,0
DA:7,0
DA:9,0
DA:10,0
DA:20,0
DA:21,0
DA:24,0
DA:25,0
DA:29,0
DA:32,0
DA:33,0
DA:42,0
LF:14
LH:0
BRF:0
BRH:0
end_of_record
TN:
SF:src/jobs/queues/index.ts
FN:18,(anonymous_1)
FNF:1
FNH:1
FNDA:14,(anonymous_1)
DA:1,2
DA:2,2
DA:3,2
DA:5,2
DA:6,2
DA:8,2
DA:9,2
DA:18,2
DA:19,14
DA:20,0
DA:22,14
DA:33,2
DA:34,2
DA:35,2
DA:36,2
DA:37,2
DA:38,2
DA:39,2
LF:18
LH:17
BRDA:19,0,0,0
BRF:1
BRH:0
end_of_record
TN:
SF:src/jobs/schedulers/index.ts
FN:17,setupSchedulers
FN:19,(anonymous_1)
FNF:2
FNH:0
FNDA:0,setupSchedulers
FNDA:0,(anonymous_1)
DA:2,0
DA:3,0
DA:5,0
DA:17,0
DA:19,0
DA:20,0
DA:21,0
DA:23,0
DA:24,0
DA:25,0
DA:26,0
DA:31,0
DA:36,0
DA:37,0
DA:38,0
DA:39,0
DA:44,0
DA:47,0
DA:54,0
LF:19
LH:0
BRDA:23,0,0,0
BRDA:24,1,0,0
BRDA:36,2,0,0
BRDA:36,3,0,0
BRDA:36,3,1,0
BRDA:37,4,0,0
BRF:6
BRH:0
end_of_record
TN:
SF:src/jobs/workers/ai.worker.ts
FN:9,(anonymous_0)
FN:21,(anonymous_1)
FN:25,(anonymous_2)
FN:29,(anonymous_3)
FNF:4
FNH:0
FNDA:0,(anonymous_0)
FNDA:0,(anonymous_1)
FNDA:0,(anonymous_2)
FNDA:0,(anonymous_3)
DA:1,0
DA:2,0
DA:3,0
DA:5,0
DA:7,0
DA:10,0
DA:11,0
DA:21,0
DA:22,0
DA:25,0
DA:26,0
DA:29,0
DA:30,0
DA:33,0
LF:14
LH:0
BRF:0
BRH:0
end_of_record
TN:
SF:src/jobs/workers/audit.worker.ts
FN:9,(anonymous_0)
FN:21,(anonymous_1)
FN:25,(anonymous_2)
FNF:3
FNH:0
FNDA:0,(anonymous_0)
FNDA:0,(anonymous_1)
FNDA:0,(anonymous_2)
DA:1,0
DA:2,0
DA:3,0
DA:5,0
DA:7,0
DA:10,0
DA:11,0
DA:21,0
DA:22,0
DA:25,0
DA:26,0
DA:29,0
LF:12
LH:0
BRF:0
BRH:0
end_of_record
TN:
SF:src/jobs/workers/cleanup.worker.ts
FN:9,(anonymous_0)
FN:21,(anonymous_1)
FN:25,(anonymous_2)
FNF:3
FNH:0
FNDA:0,(anonymous_0)
FNDA:0,(anonymous_1)
FNDA:0,(anonymous_2)
DA:1,0
DA:2,0
DA:3,0
DA:5,0
DA:7,0
DA:10,0
DA:11,0
DA:21,0
DA:22,0
DA:25,0
DA:26,0
DA:29,0
LF:12
LH:0
BRF:0
BRH:0
end_of_record
TN:
SF:src/jobs/workers/document.worker.ts
FN:9,(anonymous_0)
FN:21,(anonymous_1)
FN:25,(anonymous_2)
FN:29,(anonymous_3)
FNF:4
FNH:0
FNDA:0,(anonymous_0)
FNDA:0,(anonymous_1)
FNDA:0,(anonymous_2)
FNDA:0,(anonymous_3)
DA:1,0
DA:2,0
DA:3,0
DA:5,0
DA:7,0
DA:10,0
DA:11,0
DA:21,0
DA:22,0
DA:25,0
DA:26,0
DA:29,0
DA:30,0
DA:33,0
LF:14
LH:0
BRF:0
BRH:0
end_of_record
TN:
SF:src/jobs/workers/email.worker.ts
FN:9,(anonymous_0)
FN:21,(anonymous_1)
FN:25,(anonymous_2)
FNF:3
FNH:0
FNDA:0,(anonymous_0)
FNDA:0,(anonymous_1)
FNDA:0,(anonymous_2)
DA:1,0
DA:2,0
DA:3,0
DA:5,0
DA:7,0
DA:10,0
DA:11,0
DA:21,0
DA:22,0
DA:25,0
DA:26,0
DA:29,0
LF:12
LH:0
BRF:0
BRH:0
end_of_record
TN:
SF:src/jobs/workers/notification.worker.ts
FN:9,(anonymous_0)
FN:21,(anonymous_1)
FN:25,(anonymous_2)
FNF:3
FNH:0
FNDA:0,(anonymous_0)
FNDA:0,(anonymous_1)
FNDA:0,(anonymous_2)
DA:1,0
DA:2,0
DA:3,0
DA:5,0
DA:7,0
DA:10,0
DA:11,0
DA:21,0
DA:22,0
DA:25,0
DA:26,0
DA:29,0
LF:12
LH:0
BRF:0
BRH:0
end_of_record
TN:
SF:src/lib/redis.ts
FN:24,(anonymous_1)
FN:30,(anonymous_2)
FNF:2
FNH:0
FNDA:0,(anonymous_1)
FNDA:0,(anonymous_2)
DA:1,0
DA:2,0
DA:7,0
DA:8,0
DA:13,0
DA:20,0
DA:21,0
DA:24,0
DA:25,0
DA:26,0
DA:30,0
DA:31,0
DA:32,0
DA:33,0
DA:34,0
DA:35,0
DA:37,0
LF:17
LH:0
BRDA:25,0,0,0
BRDA:31,1,0,0
BRDA:31,2,0,0
BRDA:31,2,1,0
BRF:4
BRH:0
end_of_record
TN:
SF:src/modules/admin/admin.routes.ts
FNF:0
FNH:0
DA:1,0
DA:2,0
DA:3,0
DA:4,0
DA:6,0
DA:7,0
DA:9,0
DA:11,0
DA:12,0
DA:13,0
DA:14,0
DA:15,0
DA:16,0
DA:17,0
DA:18,0
DA:19,0
DA:21,0
LF:17
LH:0
BRF:0
BRH:0
end_of_record
TN:
SF:src/modules/admin/controllers/admin.controller.ts
FN:8,(anonymous_6)
FN:12,(anonymous_7)
FN:22,(anonymous_8)
FN:33,(anonymous_9)
FN:44,(anonymous_10)
FN:55,(anonymous_11)
FN:65,(anonymous_12)
FN:68,(anonymous_13)
FNF:8
FNH:8
FNDA:13,(anonymous_6)
FNDA:2,(anonymous_7)
FNDA:2,(anonymous_8)
FNDA:2,(anonymous_9)
FNDA:2,(anonymous_10)
FNDA:2,(anonymous_11)
FNDA:2,(anonymous_12)
FNDA:2,(anonymous_13)
DA:2,1
DA:3,1
DA:5,1
DA:9,13
DA:13,2
DA:14,2
DA:15,1
DA:17,1
DA:18,1
DA:23,2
DA:24,2
DA:25,2
DA:26,1
DA:28,1
DA:29,1
DA:34,2
DA:35,2
DA:36,2
DA:37,1
DA:39,1
DA:40,1
DA:45,2
DA:46,2
DA:47,2
DA:48,1
DA:50,1
DA:51,1
DA:56,2
DA:57,2
DA:58,1
DA:60,1
DA:61,1
DA:66,2
DA:68,4
DA:69,2
DA:72,2
DA:73,2
DA:76,2
DA:77,2
DA:78,2
DA:80,2
DA:81,2
DA:82,1
DA:83,1
DA:86,1
DA:87,1
DA:90,2
DA:98,0
LF:48
LH:47
BRF:0
BRH:0
end_of_record
TN:
SF:src/modules/admin/controllers/ingestion.controller.ts
FN:19,(anonymous_0)
FN:29,(anonymous_1)
FN:39,(anonymous_2)
FNF:3
FNH:0
FNDA:0,(anonymous_0)
FNDA:0,(anonymous_1)
FNDA:0,(anonymous_2)
DA:2,0
DA:3,0
DA:4,0
DA:6,0
DA:18,0
DA:20,0
DA:21,0
DA:22,0
DA:24,0
DA:25,0
DA:30,0
DA:31,0
DA:32,0
DA:34,0
DA:35,0
DA:40,0
DA:41,0
DA:46,0
DA:48,0
DA:49,0
LF:20
LH:0
BRF:0
BRH:0
end_of_record
TN:
SF:src/modules/admin/services/admin.service.ts
FN:4,(anonymous_1)
FN:19,(anonymous_2)
FN:26,(anonymous_3)
FN:33,(anonymous_4)
FN:37,(anonymous_5)
FNF:5
FNH:0
FNDA:0,(anonymous_1)
FNDA:0,(anonymous_2)
FNDA:0,(anonymous_3)
FNDA:0,(anonymous_4)
FNDA:0,(anonymous_5)
DA:1,1
DA:3,1
DA:5,0
DA:16,0
DA:20,0
DA:27,0
DA:34,0
DA:38,0
DA:45,0
LF:9
LH:2
BRF:0
BRH:0
end_of_record
TN:
SF:src/modules/ai/services/ai.service.ts
FN:18,(anonymous_0)
FN:24,(anonymous_1)
FN:25,(anonymous_2)
FN:71,(anonymous_3)
FN:86,(anonymous_4)
FN:93,(anonymous_5)
FN:95,(anonymous_6)
FN:110,(anonymous_7)
FNF:8
FNH:7
FNDA:12,(anonymous_0)
FNDA:12,(anonymous_1)
FNDA:20,(anonymous_2)
FNDA:12,(anonymous_3)
FNDA:15,(anonymous_4)
FNDA:22,(anonymous_5)
FNDA:16,(anonymous_6)
FNDA:0,(anonymous_7)
DA:1,1
DA:2,1
DA:15,1
DA:16,12
DA:19,12
DA:20,0
DA:25,20
DA:27,12
DA:28,12
DA:31,0
DA:39,0
DA:42,0
DA:43,0
DA:45,0
DA:46,0
DA:47,0
DA:49,0
DA:50,0
DA:52,0
DA:64,0
DA:72,12
DA:80,12
DA:81,12
DA:82,12
DA:84,12
DA:85,50
DA:86,15
DA:87,5
DA:88,5
DA:92,12
DA:93,22
DA:95,16
DA:103,12
DA:111,0
DA:112,0
DA:113,0
DA:114,0
LF:37
LH:21
BRDA:19,0,0,0
BRDA:27,1,0,12
BRDA:39,2,0,0
BRDA:39,2,1,0
BRDA:46,3,0,0
BRDA:46,3,1,0
BRDA:47,4,0,0
BRDA:47,4,1,0
BRDA:47,4,2,0
BRDA:49,5,0,0
BRDA:54,6,0,0
BRDA:54,6,1,0
BRDA:85,7,0,5
BRDA:111,8,0,0
BRF:14
BRH:2
end_of_record
TN:
SF:src/modules/analytics/analytics.routes.ts
FNF:0
FNH:0
DA:1,0
DA:2,0
DA:3,0
DA:5,0
DA:7,0
DA:9,0
DA:10,0
DA:12,0
LF:8
LH:0
BRF:0
BRH:0
end_of_record
TN:
SF:src/modules/analytics/controllers/analytics.controller.ts
FN:8,(anonymous_0)
FN:12,(anonymous_1)
FN:22,(anonymous_2)
FNF:3
FNH:0
FNDA:0,(anonymous_0)
FNDA:0,(anonymous_1)
FNDA:0,(anonymous_2)
DA:2,0
DA:3,0
DA:5,0
DA:9,0
DA:13,0
DA:14,0
DA:15,0
DA:17,0
DA:18,0
DA:23,0
DA:24,0
DA:25,0
DA:27,0
DA:28,0
LF:14
LH:0
BRF:0
BRH:0
end_of_record
TN:
SF:src/modules/analytics/services/analytics.service.ts
FN:4,(anonymous_1)
FN:20,(anonymous_2)
FN:27,(anonymous_3)
FNF:3
FNH:3
FNDA:1,(anonymous_1)
FNDA:2,(anonymous_2)
FNDA:2,(anonymous_3)
DA:1,1
DA:3,1
DA:5,1
DA:12,1
DA:21,2
DA:26,2
DA:27,2
DA:30,2
LF:8
LH:8
BRDA:26,0,0,1
BRDA:26,0,1,1
BRDA:27,1,0,2
BRDA:27,1,1,0
BRF:4
BRH:3
end_of_record
TN:
SF:src/modules/audit/audit.controller.ts
FN:8,(anonymous_0)
FN:12,(anonymous_1)
FN:44,(anonymous_2)
FN:66,(anonymous_3)
FN:94,(anonymous_4)
FN:121,(anonymous_5)
FNF:6
FNH:0
FNDA:0,(anonymous_0)
FNDA:0,(anonymous_1)
FNDA:0,(anonymous_2)
FNDA:0,(anonymous_3)
FNDA:0,(anonymous_4)
FNDA:0,(anonymous_5)
DA:2,0
DA:3,0
DA:5,0
DA:9,0
DA:13,0
DA:14,0
DA:24,0
DA:26,0
DA:39,0
DA:40,0
DA:45,0
DA:46,0
DA:47,0
DA:49,0
DA:50,0
DA:56,0
DA:61,0
DA:62,0
DA:67,0
DA:68,0
DA:69,0
DA:74,0
DA:76,0
DA:89,0
DA:90,0
DA:95,0
DA:96,0
DA:101,0
DA:103,0
DA:116,0
DA:117,0
DA:122,0
DA:123,0
DA:128,0
DA:130,0
DA:143,0
DA:144,0
LF:37
LH:0
BRDA:15,0,0,0
BRDA:15,0,1,0
BRDA:16,1,0,0
BRDA:16,1,1,0
BRDA:49,2,0,0
BRDA:70,3,0,0
BRDA:70,3,1,0
BRDA:71,4,0,0
BRDA:71,4,1,0
BRDA:97,5,0,0
BRDA:97,5,1,0
BRDA:98,6,0,0
BRDA:98,6,1,0
BRDA:124,7,0,0
BRDA:124,7,1,0
BRDA:125,8,0,0
BRDA:125,8,1,0
BRF:17
BRH:0
end_of_record
TN:
SF:src/modules/audit/audit.routes.ts
FNF:0
FNH:0
DA:1,0
DA:2,0
DA:3,0
DA:5,0
DA:7,0
DA:10,0
DA:11,0
DA:12,0
DA:13,0
DA:14,0
DA:16,0
LF:11
LH:0
BRF:0
BRH:0
end_of_record
TN:
SF:src/modules/audit/audit.service.ts
FN:10,(anonymous_1)
FN:25,(anonymous_2)
FN:75,(anonymous_3)
FN:91,(anonymous_4)
FN:116,(anonymous_5)
FN:159,(anonymous_6)
FNF:6
FNH:0
FNDA:0,(anonymous_1)
FNDA:0,(anonymous_2)
FNDA:0,(anonymous_3)
FNDA:0,(anonymous_4)
FNDA:0,(anonymous_5)
FNDA:0,(anonymous_6)
DA:1,0
DA:9,0
DA:11,0
DA:26,0
DA:27,0
DA:34,0
DA:36,0
DA:37,0
DA:38,0
DA:40,0
DA:41,0
DA:42,0
DA:43,0
DA:46,0
DA:66,0
DA:76,0
DA:92,0
DA:93,0
DA:95,0
DA:97,0
DA:107,0
DA:117,0
DA:118,0
DA:120,0
DA:126,0
DA:130,0
DA:150,0
DA:160,0
DA:161,0
DA:163,0
DA:173,0
DA:177,0
DA:197,0
LF:33
LH:0
BRDA:36,0,0,0
BRDA:37,1,0,0
BRDA:38,2,0,0
BRDA:40,3,0,0
BRDA:40,4,0,0
BRDA:40,4,1,0
BRDA:42,5,0,0
BRDA:43,6,0,0
BRF:8
BRH:0
end_of_record
TN:
SF:src/modules/auth/controllers/auth.controller.ts
FN:11,(anonymous_0)
FN:16,(anonymous_1)
FN:39,(anonymous_2)
FN:58,(anonymous_3)
FN:68,(anonymous_4)
FN:89,(anonymous_5)
FN:108,(anonymous_6)
FN:127,(anonymous_7)
FN:154,(anonymous_8)
FN:170,(anonymous_9)
FN:184,(anonymous_10)
FNF:11
FNH:11
FNDA:16,(anonymous_0)
FNDA:3,(anonymous_1)
FNDA:1,(anonymous_2)
FNDA:1,(anonymous_3)
FNDA:2,(anonymous_4)
FNDA:1,(anonymous_5)
FNDA:2,(anonymous_6)
FNDA:3,(anonymous_7)
FNDA:1,(anonymous_8)
FNDA:1,(anonymous_9)
FNDA:1,(anonymous_10)
DA:2,1
DA:3,1
DA:4,1
DA:5,1
DA:7,1
DA:12,16
DA:13,16
DA:17,3
DA:18,3
DA:19,3
DA:20,0
DA:23,3
DA:24,1
DA:30,2
DA:32,2
DA:33,1
DA:35,1
DA:40,1
DA:41,1
DA:42,1
DA:43,0
DA:46,1
DA:47,1
DA:53,0
DA:54,0
DA:59,1
DA:60,1
DA:61,1
DA:63,0
DA:64,0
DA:69,2
DA:70,2
DA:71,2
DA:72,1
DA:78,1
DA:81,1
DA:82,1
DA:84,0
DA:85,0
DA:90,1
DA:91,1
DA:92,1
DA:93,0
DA:96,1
DA:97,1
DA:103,0
DA:104,0
DA:109,2
DA:111,2
DA:112,2
DA:113,1
DA:116,1
DA:117,1
DA:122,0
DA:123,0
DA:128,3
DA:129,3
DA:130,3
DA:131,1
DA:137,2
DA:139,2
DA:140,1
DA:143,2
DA:149,0
DA:150,0
DA:155,1
DA:156,1
DA:158,1
DA:159,1
DA:165,0
DA:166,0
DA:171,1
DA:172,1
DA:173,1
DA:174,1
DA:179,0
DA:180,0
DA:185,1
DA:186,1
DA:187,1
DA:188,1
DA:194,0
DA:195,0
LF:83
LH:62
BRDA:19,0,0,0
BRDA:32,1,0,1
BRDA:32,2,0,2
BRDA:32,2,1,2
BRDA:42,3,0,0
BRDA:71,4,0,1
BRDA:81,5,0,1
BRDA:81,5,1,0
BRDA:92,6,0,0
BRDA:112,7,0,1
BRDA:130,8,0,1
BRDA:139,9,0,1
BRDA:145,10,0,1
BRDA:145,10,1,1
BRF:14
BRH:10
end_of_record
TN:
SF:src/modules/auth/repositories/auth.repository.ts
FN:4,(anonymous_1)
FN:8,(anonymous_2)
FN:12,(anonymous_3)
FN:23,(anonymous_4)
FN:36,(anonymous_5)
FN:40,(anonymous_6)
FN:44,(anonymous_7)
FN:50,(anonymous_8)
FN:54,(anonymous_9)
FN:58,(anonymous_10)
FN:64,(anonymous_11)
FN:71,(anonymous_12)
FN:77,(anonymous_13)
FN:81,(anonymous_14)
FNF:14
FNH:2
FNDA:1,(anonymous_1)
FNDA:0,(anonymous_2)
FNDA:1,(anonymous_3)
FNDA:0,(anonymous_4)
FNDA:0,(anonymous_5)
FNDA:0,(anonymous_6)
FNDA:0,(anonymous_7)
FNDA:0,(anonymous_8)
FNDA:0,(anonymous_9)
FNDA:0,(anonymous_10)
FNDA:0,(anonymous_11)
FNDA:0,(anonymous_12)
FNDA:0,(anonymous_13)
FNDA:0,(anonymous_14)
DA:1,4
DA:3,4
DA:5,1
DA:9,0
DA:20,1
DA:33,0
DA:37,0
DA:41,0
DA:45,0
DA:51,0
DA:55,0
DA:59,0
DA:65,0
DA:66,0
DA:72,0
DA:78,0
DA:82,0
LF:17
LH:4
BRDA:37,0,0,0
BRDA:37,0,1,0
BRF:2
BRH:0
end_of_record
TN:
SF:src/modules/auth/routes/auth.routes.ts
FN:6,authRoutes
FNF:1
FNH:0
FNDA:0,authRoutes
DA:1,0
DA:2,0
DA:3,0
DA:6,0
DA:7,0
DA:9,0
DA:10,0
DA:11,0
DA:12,0
DA:13,0
DA:14,0
DA:15,0
DA:16,0
DA:17,0
DA:18,0
DA:20,0
LF:16
LH:0
BRF:0
BRH:0
end_of_record
TN:
SF:src/modules/auth/services/auth.service.ts
FN:10,(anonymous_7)
FN:15,(anonymous_8)
FN:69,(anonymous_9)
FN:109,(anonymous_10)
FN:141,(anonymous_11)
FN:145,(anonymous_12)
FN:153,(anonymous_13)
FN:160,(anonymous_14)
FN:171,(anonymous_15)
FN:215,(anonymous_16)
FN:226,(anonymous_17)
FN:240,(anonymous_18)
FNF:12
FNH:12
FNDA:18,(anonymous_7)
FNDA:2,(anonymous_8)
FNDA:2,(anonymous_9)
FNDA:2,(anonymous_10)
FNDA:1,(anonymous_11)
FNDA:3,(anonymous_12)
FNDA:2,(anonymous_13)
FNDA:2,(anonymous_14)
FNDA:2,(anonymous_15)
FNDA:2,(anonymous_16)
FNDA:1,(anonymous_17)
FNDA:2,(anonymous_18)
DA:1,2
DA:2,2
DA:3,2
DA:4,2
DA:6,2
DA:11,18
DA:12,18
DA:23,2
DA:25,2
DA:26,2
DA:27,1
DA:30,1
DA:31,1
DA:33,1
DA:42,1
DA:48,1
DA:52,1
DA:54,1
DA:70,2
DA:72,2
DA:73,2
DA:74,1
DA:77,1
DA:78,1
DA:79,0
DA:82,1
DA:88,1
DA:92,1
DA:94,1
DA:110,2
DA:112,2
DA:114,2
DA:115,2
DA:116,1
DA:119,1
DA:120,0
DA:123,1
DA:129,1
DA:133,1
DA:135,1
DA:142,1
DA:146,3
DA:147,3
DA:148,1
DA:150,2
DA:154,2
DA:155,2
DA:157,2
DA:159,2
DA:160,2
DA:161,2
DA:162,2
DA:163,2
DA:165,0
DA:168,2
DA:172,2
DA:173,1
DA:176,1
DA:177,1
DA:178,1
DA:181,0
DA:182,0
DA:183,0
DA:186,0
DA:188,0
DA:194,0
DA:198,0
DA:200,0
DA:216,2
DA:217,2
DA:218,1
DA:219,1
DA:221,1
DA:223,1
DA:225,1
DA:226,1
DA:227,1
DA:232,1
DA:234,0
DA:237,2
DA:241,2
DA:242,1
DA:245,1
DA:246,1
DA:247,1
DA:250,0
DA:251,0
DA:254,0
DA:255,0
DA:258,0
DA:259,0
DA:262,0
DA:263,0
DA:264,0
DA:267,0
DA:268,0
DA:270,0
DA:271,0
DA:273,0
LF:99
LH:73
BRDA:26,0,0,1
BRDA:73,1,0,1
BRDA:78,2,0,0
BRDA:115,3,0,1
BRDA:119,4,0,0
BRDA:147,5,0,1
BRDA:150,6,0,2
BRDA:150,6,1,1
BRDA:162,7,0,2
BRDA:162,7,1,0
BRDA:172,8,0,1
BRDA:172,9,0,2
BRDA:172,9,1,2
BRDA:177,10,0,1
BRDA:182,11,0,0
BRDA:217,12,0,1
BRDA:241,13,0,1
BRDA:241,14,0,2
BRDA:241,14,1,2
BRDA:246,15,0,1
BRDA:250,16,0,0
BRDA:254,17,0,0
BRDA:258,18,0,0
BRDA:263,19,0,0
BRF:24
BRH:16
end_of_record
TN:
SF:src/modules/auth/services/google.service.ts
FN:12,(anonymous_0)
FN:30,(anonymous_1)
FN:41,(anonymous_2)
FNF:3
FNH:0
FNDA:0,(anonymous_0)
FNDA:0,(anonymous_1)
FNDA:0,(anonymous_2)
DA:1,1
DA:2,1
DA:3,1
DA:4,1
DA:5,1
DA:7,1
DA:13,0
DA:14,0
DA:17,0
DA:19,0
DA:25,0
DA:26,0
DA:31,0
DA:32,0
DA:34,0
DA:38,0
DA:42,0
DA:43,0
DA:45,0
DA:46,0
DA:47,0
DA:49,0
DA:53,0
DA:55,0
DA:56,0
DA:59,0
DA:60,0
DA:62,0
DA:63,0
DA:66,0
DA:68,0
DA:69,0
DA:77,0
DA:78,0
DA:81,0
DA:87,0
DA:91,0
DA:93,0
DA:107,0
DA:108,0
DA:109,0
DA:111,0
DA:112,0
LF:43
LH:6
BRDA:17,0,0,0
BRDA:17,0,1,0
BRDA:17,1,0,0
BRDA:17,1,1,0
BRDA:17,1,2,0
BRDA:22,2,0,0
BRDA:22,2,1,0
BRDA:31,3,0,0
BRDA:42,4,0,0
BRDA:55,5,0,0
BRDA:60,6,0,0
BRDA:60,6,1,0
BRDA:60,7,0,0
BRDA:60,7,1,0
BRDA:62,8,0,0
BRDA:68,9,0,0
BRDA:77,10,0,0
BRDA:107,11,0,0
BRF:18
BRH:0
end_of_record
TN:
SF:src/modules/auth/services/jwt.service.ts
FN:5,(anonymous_1)
FN:19,(anonymous_2)
FN:25,(anonymous_3)
FN:31,(anonymous_4)
FN:35,(anonymous_5)
FNF:5
FNH:0
FNDA:0,(anonymous_1)
FNDA:0,(anonymous_2)
FNDA:0,(anonymous_3)
FNDA:0,(anonymous_4)
FNDA:0,(anonymous_5)
DA:1,3
DA:2,3
DA:5,3
DA:6,0
DA:7,0
DA:9,0
DA:10,0
DA:11,0
DA:12,0
DA:13,0
DA:14,0
DA:18,3
DA:20,0
DA:26,0
DA:32,0
DA:36,0
LF:16
LH:4
BRDA:9,0,0,0
BRDA:9,0,1,0
BRDA:9,0,2,0
BRDA:9,0,3,0
BRDA:9,0,4,0
BRF:5
BRH:0
end_of_record
TN:
SF:src/modules/auth/validators/auth.validation.ts
FN:12,(anonymous_0)
FNF:1
FNH:0
FNDA:0,(anonymous_0)
DA:1,0
DA:3,0
DA:13,0
DA:14,0
DA:16,0
DA:20,0
DA:25,0
DA:32,0
DA:36,0
DA:40,0
LF:10
LH:0
BRDA:13,0,0,0
BRF:1
BRH:0
end_of_record
TN:
SF:src/modules/citations/citation.controller.ts
FN:9,(anonymous_0)
FN:13,(anonymous_1)
FN:28,(anonymous_2)
FN:50,(anonymous_3)
FN:73,(anonymous_4)
FN:89,(anonymous_5)
FN:106,(anonymous_6)
FNF:7
FNH:0
FNDA:0,(anonymous_0)
FNDA:0,(anonymous_1)
FNDA:0,(anonymous_2)
FNDA:0,(anonymous_3)
FNDA:0,(anonymous_4)
FNDA:0,(anonymous_5)
FNDA:0,(anonymous_6)
DA:2,0
DA:3,0
DA:4,0
DA:6,0
DA:10,0
DA:14,0
DA:15,0
DA:16,0
DA:18,0
DA:23,0
DA:24,0
DA:29,0
DA:30,0
DA:31,0
DA:33,0
DA:34,0
DA:40,0
DA:45,0
DA:46,0
DA:51,0
DA:52,0
DA:53,0
DA:55,0
DA:68,0
DA:69,0
DA:74,0
DA:75,0
DA:76,0
DA:78,0
DA:84,0
DA:85,0
DA:90,0
DA:91,0
DA:92,0
DA:93,0
DA:95,0
DA:101,0
DA:102,0
DA:107,0
DA:108,0
DA:109,0
DA:111,0
DA:116,0
DA:117,0
LF:44
LH:0
BRDA:33,0,0,0
BRF:1
BRH:0
end_of_record
TN:
SF:src/modules/citations/citation.routes.ts
FNF:0
FNH:0
DA:1,0
DA:2,0
DA:3,0
DA:5,0
DA:7,0
DA:10,0
DA:11,0
DA:12,0
DA:15,0
DA:16,0
DA:17,0
DA:19,0
LF:12
LH:0
BRF:0
BRH:0
end_of_record
TN:
SF:src/modules/citations/citation.service.ts
FN:10,(anonymous_1)
FN:17,(anonymous_2)
FN:23,(anonymous_3)
FN:70,(anonymous_4)
FN:94,(anonymous_5)
FN:106,(anonymous_6)
FNF:6
FNH:0
FNDA:0,(anonymous_1)
FNDA:0,(anonymous_2)
FNDA:0,(anonymous_3)
FNDA:0,(anonymous_4)
FNDA:0,(anonymous_5)
FNDA:0,(anonymous_6)
DA:1,1
DA:9,1
DA:11,0
DA:18,0
DA:24,0
DA:25,0
DA:38,0
DA:40,0
DA:41,0
DA:47,0
DA:48,0
DA:49,0
DA:51,0
DA:61,0
DA:71,0
DA:75,0
DA:95,0
DA:96,0
DA:97,0
DA:100,0
DA:107,0
DA:108,0
DA:109,0
DA:112,0
LF:24
LH:2
BRDA:40,0,0,0
BRDA:47,1,0,0
BRDA:48,2,0,0
BRDA:49,3,0,0
BRDA:96,4,0,0
BRDA:108,5,0,0
BRF:6
BRH:0
end_of_record
TN:
SF:src/modules/citations/citation.validation.ts
FNF:0
FNH:0
DA:1,0
DA:3,0
DA:18,0
DA:31,0
LF:4
LH:0
BRF:0
BRH:0
end_of_record
TN:
SF:src/modules/documents/document.controller.ts
FN:13,(anonymous_1)
FN:17,(anonymous_2)
FN:54,(anonymous_3)
FN:76,(anonymous_4)
FN:142,(anonymous_5)
FN:160,(anonymous_6)
FN:191,(anonymous_7)
FN:207,(anonymous_8)
FNF:8
FNH:8
FNDA:24,(anonymous_1)
FNDA:4,(anonymous_2)
FNDA:3,(anonymous_3)
FNDA:6,(anonymous_4)
FNDA:2,(anonymous_5)
FNDA:5,(anonymous_6)
FNDA:2,(anonymous_7)
FNDA:2,(anonymous_8)
DA:2,1
DA:3,1
DA:4,1
DA:5,1
DA:6,1
DA:7,1
DA:8,1
DA:10,1
DA:14,24
DA:18,4
DA:19,4
DA:20,4
DA:21,4
DA:25,4
DA:34,4
DA:36,3
DA:49,1
DA:50,1
DA:55,3
DA:56,3
DA:57,3
DA:59,2
DA:60,1
DA:66,1
DA:71,1
DA:72,1
DA:77,6
DA:78,6
DA:79,6
DA:81,6
DA:82,1
DA:88,5
DA:89,1
DA:95,4
DA:96,1
DA:102,3
DA:103,3
DA:104,3
DA:105,3
DA:106,3
DA:108,3
DA:109,0
DA:112,3
DA:115,3
DA:131,2
DA:137,1
DA:138,1
DA:143,2
DA:144,2
DA:145,2
DA:147,2
DA:149,1
DA:155,1
DA:156,1
DA:161,5
DA:162,5
DA:163,5
DA:165,4
DA:166,1
DA:172,3
DA:173,3
DA:174,3
DA:175,2
DA:179,3
DA:181,3
DA:186,1
DA:187,1
DA:192,2
DA:193,2
DA:194,2
DA:196,1
DA:202,1
DA:203,1
DA:208,2
DA:209,2
DA:210,2
DA:212,1
DA:217,1
DA:218,1
LF:79
LH:78
BRDA:21,0,0,1
BRDA:21,0,1,3
BRDA:21,1,0,4
BRDA:21,1,1,2
BRDA:26,2,0,4
BRDA:26,2,1,2
BRDA:27,3,0,4
BRDA:27,3,1,2
BRDA:31,4,0,0
BRDA:31,4,1,4
BRDA:59,5,0,1
BRDA:81,6,0,1
BRDA:88,7,0,1
BRDA:95,8,0,1
BRDA:104,9,0,3
BRDA:104,9,1,3
BRDA:108,10,0,0
BRDA:116,11,0,3
BRDA:116,11,1,2
BRDA:125,12,0,0
BRDA:125,12,1,3
BRDA:165,13,0,1
BRDA:172,14,0,3
BRDA:174,15,0,2
BRF:24
BRH:21
end_of_record
TN:
SF:src/modules/documents/document.ingestion.service.ts
FN:14,(anonymous_1)
FN:22,(anonymous_2)
FN:64,(anonymous_3)
FNF:3
FNH:0
FNDA:0,(anonymous_1)
FNDA:0,(anonymous_2)
FNDA:0,(anonymous_3)
DA:1,0
DA:2,0
DA:3,0
DA:4,0
DA:5,0
DA:6,0
DA:7,0
DA:9,0
DA:12,0
DA:15,0
DA:16,0
DA:17,0
DA:18,0
DA:36,0
DA:53,0
DA:59,0
DA:61,0
DA:62,0
DA:64,0
DA:68,0
DA:71,0
DA:72,0
DA:82,0
DA:87,0
LF:24
LH:0
BRDA:17,0,0,0
BRDA:17,1,0,0
BRDA:17,1,1,0
BRDA:56,2,0,0
BRDA:56,2,1,0
BRDA:61,3,0,0
BRDA:61,3,1,0
BRDA:61,4,0,0
BRDA:61,4,1,0
BRF:9
BRH:0
end_of_record
TN:
SF:src/modules/documents/document.routes.ts
FNF:0
FNH:0
DA:1,0
DA:2,0
DA:3,0
DA:4,0
DA:6,0
DA:13,0
DA:15,0
DA:18,0
DA:19,0
DA:20,0
DA:23,0
DA:24,0
DA:25,0
DA:26,0
DA:28,0
LF:15
LH:0
BRF:0
BRH:0
end_of_record
TN:
SF:src/modules/documents/document.service.ts
FN:11,(anonymous_7)
FN:55,(anonymous_8)
FN:64,(anonymous_9)
FN:83,(anonymous_10)
FN:95,(anonymous_11)
FN:106,(anonymous_12)
FN:121,(anonymous_13)
FN:140,(anonymous_14)
FN:147,(anonymous_15)
FNF:9
FNH:0
FNDA:0,(anonymous_7)
FNDA:0,(anonymous_8)
FNDA:0,(anonymous_9)
FNDA:0,(anonymous_10)
FNDA:0,(anonymous_11)
FNDA:0,(anonymous_12)
FNDA:0,(anonymous_13)
FNDA:0,(anonymous_14)
FNDA:0,(anonymous_15)
DA:1,1
DA:2,1
DA:10,1
DA:12,0
DA:13,0
DA:20,0
DA:22,0
DA:23,0
DA:29,0
DA:30,0
DA:31,0
DA:33,0
DA:46,0
DA:56,0
DA:65,0
DA:84,0
DA:85,0
DA:86,0
DA:89,0
DA:96,0
DA:97,0
DA:98,0
DA:101,0
DA:107,0
DA:108,0
DA:109,0
DA:112,0
DA:113,0
DA:116,0
DA:121,0
DA:122,0
DA:123,0
DA:137,0
DA:141,0
DA:148,0
DA:159,0
DA:160,0
DA:163,0
LF:38
LH:3
BRDA:22,0,0,0
BRDA:29,1,0,0
BRDA:30,2,0,0
BRDA:31,3,0,0
BRDA:85,4,0,0
BRDA:97,5,0,0
BRDA:108,6,0,0
BRDA:112,7,0,0
BRDA:122,8,0,0
BRDA:159,9,0,0
BRF:10
BRH:0
end_of_record
TN:
SF:src/modules/documents/document.validation.ts
FNF:0
FNH:0
DA:1,1
DA:2,1
DA:4,1
DA:13,1
DA:22,1
DA:31,1
DA:32,1
LF:7
LH:7
BRF:0
BRH:0
end_of_record
TN:
SF:src/modules/email/email.service.ts
FN:14,getResendClient
FN:16,(anonymous_8)
FN:23,(anonymous_9)
FN:28,(anonymous_10)
FN:33,(anonymous_11)
FN:38,(anonymous_12)
FN:43,(anonymous_13)
FN:48,(anonymous_14)
FN:53,(anonymous_15)
FN:58,(anonymous_16)
FN:68,(anonymous_17)
FN:69,(anonymous_18)
FN:77,(anonymous_19)
FN:91,(anonymous_20)
FN:113,(anonymous_21)
FN:121,(anonymous_22)
FN:139,(anonymous_23)
FN:140,(anonymous_24)
FNF:18
FNH:4
FNDA:0,getResendClient
FNDA:0,(anonymous_8)
FNDA:0,(anonymous_9)
FNDA:2,(anonymous_10)
FNDA:1,(anonymous_11)
FNDA:0,(anonymous_12)
FNDA:0,(anonymous_13)
FNDA:0,(anonymous_14)
FNDA:0,(anonymous_15)
FNDA:0,(anonymous_16)
FNDA:0,(anonymous_17)
FNDA:0,(anonymous_18)
FNDA:3,(anonymous_19)
FNDA:3,(anonymous_20)
FNDA:0,(anonymous_21)
FNDA:0,(anonymous_22)
FNDA:0,(anonymous_23)
FNDA:0,(anonymous_24)
DA:1,1
DA:2,1
DA:3,1
DA:4,1
DA:5,1
DA:8,1
DA:9,1
DA:10,1
DA:12,1
DA:15,0
DA:16,0
DA:17,0
DA:19,0
DA:22,1
DA:24,0
DA:25,0
DA:29,2
DA:30,2
DA:34,1
DA:35,1
DA:39,0
DA:40,0
DA:44,0
DA:45,0
DA:49,0
DA:50,0
DA:54,0
DA:55,0
DA:59,0
DA:68,0
DA:69,0
DA:74,0
DA:78,3
DA:79,0
DA:82,3
DA:90,3
DA:91,6
DA:92,3
DA:93,3
DA:96,0
DA:97,0
DA:98,0
DA:99,0
DA:104,0
DA:108,0
DA:114,0
DA:115,0
DA:117,0
DA:122,0
DA:123,0
DA:124,0
DA:125,0
DA:127,0
DA:134,0
DA:135,0
DA:140,0
DA:141,0
DA:145,0
LF:58
LH:20
BRDA:9,0,0,1
BRDA:9,0,1,0
BRDA:10,1,0,1
BRDA:10,1,1,0
BRDA:15,2,0,0
BRDA:15,3,0,0
BRDA:15,3,1,0
BRDA:78,4,0,0
BRDA:114,5,0,0
BRDA:114,5,1,0
BRDA:124,6,0,0
BRDA:142,7,0,0
BRDA:142,7,1,0
BRDA:143,8,0,0
BRDA:143,8,1,0
BRF:15
BRH:2
end_of_record
TN:
SF:src/modules/email/email.templates.ts
FN:2,(anonymous_0)
FN:20,(anonymous_1)
FN:38,(anonymous_2)
FN:53,(anonymous_3)
FN:67,(anonymous_4)
FN:82,(anonymous_5)
FN:97,(anonymous_6)
FNF:7
FNH:2
FNDA:0,(anonymous_0)
FNDA:2,(anonymous_1)
FNDA:1,(anonymous_2)
FNDA:0,(anonymous_3)
FNDA:0,(anonymous_4)
FNDA:0,(anonymous_5)
FNDA:0,(anonymous_6)
DA:1,1
DA:2,0
DA:20,2
DA:38,1
DA:53,0
DA:67,0
DA:82,0
DA:97,0
DA:114,1
LF:9
LH:4
BRDA:74,0,0,0
BRDA:74,0,1,0
BRDA:89,1,0,0
BRDA:89,1,1,0
BRDA:105,2,0,0
BRDA:105,2,1,0
BRF:6
BRH:0
end_of_record
TN:
SF:src/modules/email/email.types.ts
FN:1,(anonymous_0)
FN:11,(anonymous_1)
FNF:2
FNH:2
FNDA:1,(anonymous_0)
FNDA:1,(anonymous_1)
DA:1,1
DA:2,1
DA:3,1
DA:4,1
DA:5,1
DA:6,1
DA:7,1
DA:8,1
DA:11,1
DA:12,1
DA:13,1
DA:14,1
LF:12
LH:12
BRDA:1,0,0,1
BRDA:1,0,1,1
BRDA:11,1,0,1
BRDA:11,1,1,1
BRF:4
BRH:4
end_of_record
TN:
SF:src/modules/email/email.utils.ts
FN:47,validateEmail
FNF:1
FNH:1
FNDA:7,validateEmail
DA:1,2
DA:3,2
DA:9,2
DA:15,2
DA:21,2
DA:26,2
DA:32,2
DA:40,2
DA:47,2
DA:48,7
DA:49,7
DA:50,4
DA:52,3
LF:13
LH:13
BRF:0
BRH:0
end_of_record
TN:
SF:src/modules/email/index.ts
FN:1,(anonymous_0)
FN:2,(anonymous_1)
FN:2,(anonymous_2)
FN:3,(anonymous_3)
FN:3,(anonymous_4)
FN:3,(anonymous_5)
FN:3,(anonymous_6)
FN:3,(anonymous_7)
FN:3,(anonymous_8)
FN:4,(anonymous_9)
FN:4,(anonymous_10)
FNF:11
FNH:0
FNDA:0,(anonymous_0)
FNDA:0,(anonymous_1)
FNDA:0,(anonymous_2)
FNDA:0,(anonymous_3)
FNDA:0,(anonymous_4)
FNDA:0,(anonymous_5)
FNDA:0,(anonymous_6)
FNDA:0,(anonymous_7)
FNDA:0,(anonymous_8)
FNDA:0,(anonymous_9)
FNDA:0,(anonymous_10)
DA:1,0
DA:2,0
DA:3,0
DA:4,0
LF:4
LH:0
BRF:0
BRH:0
end_of_record
TN:
SF:src/modules/notifications/notification.controller.ts
FN:9,(anonymous_0)
FN:13,(anonymous_1)
FN:39,(anonymous_2)
FN:56,(anonymous_3)
FN:72,(anonymous_4)
FN:89,(anonymous_5)
FNF:6
FNH:0
FNDA:0,(anonymous_0)
FNDA:0,(anonymous_1)
FNDA:0,(anonymous_2)
FNDA:0,(anonymous_3)
FNDA:0,(anonymous_4)
FNDA:0,(anonymous_5)
DA:2,0
DA:3,0
DA:4,0
DA:6,0
DA:10,0
DA:14,0
DA:15,0
DA:16,0
DA:18,0
DA:20,0
DA:34,0
DA:35,0
DA:40,0
DA:41,0
DA:42,0
DA:44,0
DA:46,0
DA:51,0
DA:52,0
DA:57,0
DA:58,0
DA:60,0
DA:62,0
DA:67,0
DA:68,0
DA:73,0
DA:74,0
DA:75,0
DA:77,0
DA:79,0
DA:84,0
DA:85,0
DA:90,0
DA:91,0
DA:93,0
DA:95,0
DA:101,0
DA:102,0
LF:38
LH:0
BRF:0
BRH:0
end_of_record
TN:
SF:src/modules/notifications/notification.routes.ts
FNF:0
FNH:0
DA:1,0
DA:2,0
DA:3,0
DA:5,0
DA:7,0
DA:10,0
DA:11,0
DA:12,0
DA:13,0
DA:16,0
DA:18,0
LF:11
LH:0
BRF:0
BRH:0
end_of_record
TN:
SF:src/modules/notifications/notification.service.ts
FN:11,(anonymous_1)
FN:36,(anonymous_2)
FN:55,(anonymous_3)
FN:62,(anonymous_4)
FN:80,(anonymous_5)
FN:88,(anonymous_6)
FN:105,(anonymous_7)
FN:117,(anonymous_8)
FN:118,(anonymous_9)
FNF:9
FNH:0
FNDA:0,(anonymous_1)
FNDA:0,(anonymous_2)
FNDA:0,(anonymous_3)
FNDA:0,(anonymous_4)
FNDA:0,(anonymous_5)
FNDA:0,(anonymous_6)
FNDA:0,(anonymous_7)
FNDA:0,(anonymous_8)
FNDA:0,(anonymous_9)
DA:1,0
DA:2,0
DA:10,0
DA:12,0
DA:13,0
DA:15,0
DA:26,0
DA:37,0
DA:41,0
DA:42,0
DA:45,0
DA:46,0
DA:49,0
DA:56,0
DA:63,0
DA:67,0
DA:68,0
DA:71,0
DA:72,0
DA:75,0
DA:81,0
DA:88,0
DA:96,0
DA:97,0
DA:102,0
DA:106,0
DA:118,0
DA:126,0
DA:127,0
DA:132,0
LF:30
LH:0
BRDA:41,0,0,0
BRDA:45,1,0,0
BRDA:67,2,0,0
BRDA:71,3,0,0
BRDA:96,4,0,0
BRDA:111,5,0,0
BRDA:111,5,1,0
BRDA:122,6,0,0
BRDA:122,6,1,0
BRDA:126,7,0,0
BRF:10
BRH:0
end_of_record
TN:
SF:src/modules/notifications/notification.validation.ts
FNF:0
FNH:0
DA:1,0
DA:3,0
DA:10,0
LF:3
LH:0
BRF:0
BRH:0
end_of_record
TN:
SF:src/modules/questions/questions.routes.ts
FNF:0
FNH:0
DA:1,0
DA:2,0
DA:3,0
DA:5,0
DA:7,0
DA:9,0
DA:10,0
DA:11,0
DA:12,0
DA:13,0
DA:15,0
LF:11
LH:0
BRF:0
BRH:0
end_of_record
TN:
SF:src/modules/questions/controllers/questions.controller.ts
FN:8,(anonymous_0)
FN:12,(anonymous_1)
FN:33,(anonymous_2)
FN:48,(anonymous_3)
FN:63,(anonymous_4)
FN:78,(anonymous_5)
FNF:6
FNH:1
FNDA:1,(anonymous_0)
FNDA:0,(anonymous_1)
FNDA:0,(anonymous_2)
FNDA:0,(anonymous_3)
FNDA:0,(anonymous_4)
FNDA:0,(anonymous_5)
DA:2,1
DA:3,1
DA:5,1
DA:9,1
DA:13,0
DA:14,0
DA:15,0
DA:17,0
DA:18,0
DA:20,0
DA:22,0
DA:28,0
DA:29,0
DA:34,0
DA:35,0
DA:36,0
DA:38,0
DA:43,0
DA:44,0
DA:49,0
DA:50,0
DA:51,0
DA:53,0
DA:58,0
DA:59,0
DA:64,0
DA:65,0
DA:66,0
DA:68,0
DA:73,0
DA:74,0
DA:79,0
DA:80,0
DA:81,0
DA:83,0
DA:88,0
DA:89,0
LF:37
LH:4
BRDA:14,0,0,0
BRF:1
BRH:0
end_of_record
TN:
SF:src/modules/questions/services/questions.service.ts
FN:6,(anonymous_1)
FN:40,(anonymous_2)
FN:48,(anonymous_3)
FN:58,(anonymous_4)
FN:77,(anonymous_5)
FNF:5
FNH:5
FNDA:3,(anonymous_1)
FNDA:2,(anonymous_2)
FNDA:2,(anonymous_3)
FNDA:3,(anonymous_4)
FNDA:3,(anonymous_5)
DA:1,1
DA:2,1
DA:3,1
DA:5,1
DA:7,3
DA:8,3
DA:13,3
DA:14,3
DA:25,1
DA:29,3
DA:35,0
DA:36,0
DA:41,2
DA:49,2
DA:54,2
DA:55,1
DA:59,3
DA:63,3
DA:64,1
DA:67,2
DA:68,1
DA:71,1
DA:78,3
DA:82,3
DA:83,1
DA:86,2
DA:87,1
DA:90,1
LF:28
LH:26
BRDA:19,0,0,3
BRDA:19,0,1,2
BRDA:54,1,0,1
BRDA:63,2,0,1
BRDA:67,3,0,1
BRDA:82,4,0,1
BRDA:86,5,0,1
BRF:7
BRH:7
end_of_record
TN:
SF:src/modules/rag/services/chunking.service.ts
FN:14,(anonymous_0)
FN:18,(anonymous_1)
FN:20,(anonymous_2)
FN:25,(anonymous_3)
FN:47,(anonymous_4)
FN:48,(anonymous_5)
FN:51,(anonymous_6)
FNF:7
FNH:0
FNDA:0,(anonymous_0)
FNDA:0,(anonymous_1)
FNDA:0,(anonymous_2)
FNDA:0,(anonymous_3)
FNDA:0,(anonymous_4)
FNDA:0,(anonymous_5)
FNDA:0,(anonymous_6)
DA:2,0
DA:11,0
DA:15,0
DA:20,0
DA:21,0
DA:23,0
DA:24,0
DA:25,0
DA:27,0
DA:28,0
DA:29,0
DA:30,0
DA:44,0
DA:48,0
DA:49,0
DA:51,0
LF:16
LH:0
BRDA:18,0,0,0
BRDA:29,1,0,0
BRDA:35,2,0,0
BRDA:35,2,1,0
BRDA:37,3,0,0
BRDA:37,3,1,0
BRF:6
BRH:0
end_of_record
TN:
SF:src/modules/rag/services/mock.embedding.ts
FN:1,(anonymous_0)
FN:5,(anonymous_1)
FN:6,(anonymous_2)
FN:7,(anonymous_3)
FN:14,(anonymous_4)
FN:15,(anonymous_5)
FNF:6
FNH:6
FNDA:5,(anonymous_0)
FNDA:8,(anonymous_1)
FNDA:25,(anonymous_2)
FNDA:3072,(anonymous_3)
FNDA:1,(anonymous_4)
FNDA:3,(anonymous_5)
DA:1,1
DA:2,5
DA:3,5
DA:6,25
DA:7,8
DA:8,3072
DA:9,3072
DA:11,8
DA:15,3
LF:9
LH:9
BRF:0
BRH:0
end_of_record
TN:
SF:src/modules/rag/services/pinecone.service.ts
FN:12,(anonymous_0)
FN:21,(anonymous_1)
FN:35,(anonymous_2)
FN:50,(anonymous_3)
FN:55,(anonymous_4)
FN:56,(anonymous_5)
FN:71,(anonymous_6)
FNF:7
FNH:0
FNDA:0,(anonymous_0)
FNDA:0,(anonymous_1)
FNDA:0,(anonymous_2)
FNDA:0,(anonymous_3)
FNDA:0,(anonymous_4)
FNDA:0,(anonymous_5)
FNDA:0,(anonymous_6)
DA:1,0
DA:2,0
DA:3,0
DA:6,0
DA:8,0
DA:9,0
DA:13,0
DA:14,0
DA:15,0
DA:17,0
DA:22,0
DA:23,0
DA:25,0
DA:26,0
DA:27,0
DA:28,0
DA:30,0
DA:36,0
DA:37,0
DA:39,0
DA:46,0
DA:47,0
DA:51,0
DA:52,0
DA:56,0
DA:67,0
DA:68,0
DA:72,0
DA:73,0
DA:75,0
DA:76,0
LF:31
LH:0
BRDA:6,0,0,0
BRDA:6,0,1,0
BRDA:13,1,0,0
BRDA:13,1,1,0
BRDA:13,2,0,0
BRDA:13,2,1,0
BRDA:22,3,0,0
BRDA:22,4,0,0
BRDA:22,4,1,0
BRDA:35,5,0,0
BRDA:36,6,0,0
BRDA:36,7,0,0
BRDA:36,7,1,0
BRDA:43,8,0,0
BRDA:43,8,1,0
BRDA:47,9,0,0
BRDA:47,9,1,0
BRDA:51,10,0,0
BRDA:51,11,0,0
BRDA:51,11,1,0
BRDA:71,12,0,0
BRDA:72,13,0,0
BRDA:72,14,0,0
BRDA:72,14,1,0
BRF:24
BRH:0
end_of_record
TN:
SF:src/modules/retrieval/retrieval.service.ts
FN:12,(anonymous_0)
FN:16,(anonymous_1)
FN:26,(anonymous_2)
FN:41,(anonymous_3)
FN:50,(anonymous_4)
FN:55,(anonymous_5)
FN:65,(anonymous_6)
FN:66,(anonymous_7)
FNF:8
FNH:7
FNDA:1,(anonymous_0)
FNDA:6,(anonymous_1)
FNDA:2,(anonymous_2)
FNDA:2,(anonymous_3)
FNDA:1,(anonymous_4)
FNDA:0,(anonymous_5)
FNDA:1,(anonymous_6)
FNDA:2,(anonymous_7)
DA:1,1
DA:2,1
DA:4,1
DA:5,1
DA:7,1
DA:8,6
DA:9,6
DA:13,1
DA:17,6
DA:18,6
DA:19,0
DA:20,0
DA:22,6
DA:27,2
DA:28,2
DA:31,0
DA:32,0
DA:38,0
DA:42,2
DA:47,2
DA:51,1
DA:52,1
DA:54,1
DA:55,0
DA:56,0
DA:57,0
DA:59,0
DA:62,1
DA:66,2
LF:29
LH:20
BRDA:18,0,0,0
BRDA:18,0,1,6
BRDA:18,1,0,6
BRDA:18,1,1,0
BRDA:26,2,0,2
BRDA:27,3,0,2
BRDA:38,4,0,0
BRDA:38,4,1,0
BRDA:41,5,0,0
BRDA:54,6,0,0
BRDA:56,7,0,0
BRDA:56,7,1,0
BRDA:57,8,0,0
BRDA:57,8,1,0
BRDA:59,9,0,0
BRDA:59,9,1,0
BRDA:66,10,0,2
BRDA:66,10,1,0
BRDA:66,11,0,2
BRDA:66,11,1,0
BRF:20
BRH:6
end_of_record
TN:
SF:src/modules/search/search.controller.ts
FN:10,(anonymous_0)
FN:14,(anonymous_1)
FN:38,(anonymous_2)
FN:67,(anonymous_3)
FN:96,(anonymous_4)
FN:125,(anonymous_5)
FN:150,(anonymous_6)
FNF:7
FNH:1
FNDA:3,(anonymous_0)
FNDA:0,(anonymous_1)
FNDA:0,(anonymous_2)
FNDA:0,(anonymous_3)
FNDA:0,(anonymous_4)
FNDA:0,(anonymous_5)
FNDA:0,(anonymous_6)
DA:2,1
DA:3,1
DA:4,1
DA:7,1
DA:11,3
DA:15,0
DA:16,0
DA:18,0
DA:28,0
DA:33,0
DA:34,0
DA:39,0
DA:40,0
DA:41,0
DA:57,0
DA:62,0
DA:63,0
DA:68,0
DA:69,0
DA:70,0
DA:86,0
DA:91,0
DA:92,0
DA:97,0
DA:98,0
DA:99,0
DA:115,0
DA:120,0
DA:121,0
DA:126,0
DA:127,0
DA:128,0
DA:130,0
DA:140,0
DA:145,0
DA:146,0
DA:151,0
DA:152,0
DA:153,0
DA:155,0
DA:162,0
DA:167,0
DA:168,0
LF:43
LH:5
BRDA:46,0,0,0
BRDA:46,0,1,0
BRDA:51,1,0,0
BRDA:51,1,1,0
BRDA:75,2,0,0
BRDA:75,2,1,0
BRDA:80,3,0,0
BRDA:80,3,1,0
BRDA:104,4,0,0
BRDA:104,4,1,0
BRDA:109,5,0,0
BRDA:109,5,1,0
BRDA:134,6,0,0
BRDA:134,6,1,0
BRDA:135,7,0,0
BRDA:135,7,1,0
BRDA:136,8,0,0
BRDA:136,8,1,0
BRDA:158,9,0,0
BRDA:158,9,1,0
BRDA:159,10,0,0
BRDA:159,10,1,0
BRF:22
BRH:0
end_of_record
TN:
SF:src/modules/search/search.routes.ts
FNF:0
FNH:0
DA:1,0
DA:2,0
DA:3,0
DA:5,0
DA:7,0
DA:10,0
DA:11,0
DA:12,0
DA:13,0
DA:14,0
DA:15,0
DA:17,0
LF:12
LH:0
BRF:0
BRH:0
end_of_record
TN:
SF:src/modules/search/search.service.ts
FN:8,(anonymous_1)
FN:12,(anonymous_2)
FN:44,(anonymous_3)
FN:48,(anonymous_4)
FN:58,(anonymous_5)
FN:89,(anonymous_6)
FN:92,(anonymous_7)
FN:112,(anonymous_8)
FN:130,(anonymous_9)
FN:154,(anonymous_10)
FN:164,(anonymous_11)
FN:198,(anonymous_12)
FN:217,(anonymous_13)
FN:245,(anonymous_14)
FN:261,(anonymous_15)
FNF:15
FNH:0
FNDA:0,(anonymous_1)
FNDA:0,(anonymous_2)
FNDA:0,(anonymous_3)
FNDA:0,(anonymous_4)
FNDA:0,(anonymous_5)
FNDA:0,(anonymous_6)
FNDA:0,(anonymous_7)
FNDA:0,(anonymous_8)
FNDA:0,(anonymous_9)
FNDA:0,(anonymous_10)
FNDA:0,(anonymous_11)
FNDA:0,(anonymous_12)
FNDA:0,(anonymous_13)
FNDA:0,(anonymous_14)
FNDA:0,(anonymous_15)
DA:1,0
DA:2,0
DA:5,0
DA:9,0
DA:13,0
DA:14,0
DA:16,0
DA:18,0
DA:20,0
DA:21,0
DA:23,0
DA:24,0
DA:27,0
DA:28,0
DA:31,0
DA:45,0
DA:46,0
DA:48,0
DA:59,0
DA:61,0
DA:62,0
DA:65,0
DA:66,0
DA:67,0
DA:68,0
DA:71,0
DA:72,0
DA:85,0
DA:86,0
DA:89,0
DA:96,0
DA:98,0
DA:99,0
DA:105,0
DA:107,0
DA:112,0
DA:123,0
DA:124,0
DA:127,0
DA:131,0
DA:136,0
DA:138,0
DA:139,0
DA:140,0
DA:143,0
DA:144,0
DA:145,0
DA:146,0
DA:148,0
DA:149,0
DA:153,0
DA:154,0
DA:157,0
DA:158,0
DA:161,0
DA:165,0
DA:166,0
DA:173,0
DA:175,0
DA:176,0
DA:182,0
DA:183,0
DA:184,0
DA:186,0
DA:196,0
DA:198,0
DA:218,0
DA:219,0
DA:223,0
DA:225,0
DA:226,0
DA:232,0
DA:242,0
DA:243,0
DA:245,0
DA:259,0
DA:261,0
LF:77
LH:0
BRDA:18,0,0,0
BRDA:18,0,1,0
BRDA:18,0,2,0
BRDA:18,0,3,0
BRDA:44,1,0,0
BRDA:45,2,0,0
BRDA:45,2,1,0
BRDA:58,3,0,0
BRDA:61,4,0,0
BRDA:67,5,0,0
BRDA:71,6,0,0
BRDA:71,7,0,0
BRDA:71,7,1,0
BRDA:71,7,2,0
BRDA:75,8,0,0
BRDA:75,8,1,0
BRDA:76,9,0,0
BRDA:76,9,1,0
BRDA:77,10,0,0
BRDA:77,10,1,0
BRDA:78,11,0,0
BRDA:78,11,1,0
BRDA:79,12,0,0
BRDA:79,12,1,0
BRDA:85,13,0,0
BRDA:92,14,0,0
BRDA:98,15,0,0
BRDA:105,16,0,0
BRDA:115,17,0,0
BRDA:115,17,1,0
BRDA:116,18,0,0
BRDA:116,18,1,0
BRDA:118,19,0,0
BRDA:118,19,1,0
BRDA:119,20,0,0
BRDA:119,20,1,0
BRDA:123,21,0,0
BRDA:130,22,0,0
BRDA:139,23,0,0
BRDA:139,23,1,0
BRDA:145,24,0,0
BRDA:145,24,1,0
BRDA:146,25,0,0
BRDA:146,25,1,0
BRDA:146,26,0,0
BRDA:146,26,1,0
BRDA:148,27,0,0
BRDA:148,27,1,0
BRDA:157,28,0,0
BRDA:157,29,0,0
BRDA:157,29,1,0
BRDA:175,30,0,0
BRDA:182,31,0,0
BRDA:183,32,0,0
BRDA:184,33,0,0
BRDA:201,34,0,0
BRDA:201,34,1,0
BRDA:202,35,0,0
BRDA:202,35,1,0
BRDA:204,36,0,0
BRDA:204,36,1,0
BRDA:205,37,0,0
BRDA:205,37,1,0
BRDA:225,38,0,0
BRDA:242,39,0,0
BRDA:242,40,0,0
BRDA:242,40,1,0
BRDA:267,41,0,0
BRDA:267,41,1,0
BRF:69
BRH:0
end_of_record
TN:
SF:src/modules/search/search.validation.ts
FNF:0
FNH:0
DA:1,0
DA:3,0
DA:5,0
DA:15,0
DA:21,0
LF:5
LH:0
BRF:0
BRH:0
end_of_record
TN:
SF:src/modules/users/user.controller.ts
FN:9,(anonymous_0)
FN:13,(anonymous_1)
FN:28,(anonymous_2)
FN:46,(anonymous_3)
FN:63,(anonymous_4)
FN:78,(anonymous_5)
FN:99,(anonymous_6)
FN:114,(anonymous_7)
FNF:8
FNH:0
FNDA:0,(anonymous_0)
FNDA:0,(anonymous_1)
FNDA:0,(anonymous_2)
FNDA:0,(anonymous_3)
FNDA:0,(anonymous_4)
FNDA:0,(anonymous_5)
FNDA:0,(anonymous_6)
FNDA:0,(anonymous_7)
DA:2,0
DA:3,0
DA:4,0
DA:6,0
DA:10,0
DA:14,0
DA:15,0
DA:16,0
DA:18,0
DA:23,0
DA:24,0
DA:29,0
DA:30,0
DA:31,0
DA:33,0
DA:35,0
DA:41,0
DA:42,0
DA:47,0
DA:48,0
DA:49,0
DA:51,0
DA:53,0
DA:58,0
DA:59,0
DA:64,0
DA:65,0
DA:66,0
DA:68,0
DA:73,0
DA:74,0
DA:79,0
DA:80,0
DA:81,0
DA:83,0
DA:94,0
DA:95,0
DA:100,0
DA:101,0
DA:102,0
DA:104,0
DA:109,0
DA:110,0
DA:115,0
DA:116,0
DA:117,0
DA:119,0
DA:124,0
DA:125,0
LF:49
LH:0
BRF:0
BRH:0
end_of_record
TN:
SF:src/modules/users/user.routes.ts
FNF:0
FNH:0
DA:1,0
DA:2,0
DA:3,0
DA:5,0
DA:7,0
DA:10,0
DA:11,0
DA:12,0
DA:15,0
DA:16,0
DA:17,0
DA:18,0
DA:20,0
LF:13
LH:0
BRF:0
BRH:0
end_of_record
TN:
SF:src/modules/users/user.service.ts
FN:7,(anonymous_1)
FN:30,(anonymous_2)
FN:50,(anonymous_3)
FN:73,(anonymous_4)
FN:97,(anonymous_5)
FN:144,(anonymous_6)
FN:156,(anonymous_7)
FNF:7
FNH:0
FNDA:0,(anonymous_1)
FNDA:0,(anonymous_2)
FNDA:0,(anonymous_3)
FNDA:0,(anonymous_4)
FNDA:0,(anonymous_5)
FNDA:0,(anonymous_6)
FNDA:0,(anonymous_7)
DA:1,1
DA:2,1
DA:4,1
DA:6,1
DA:8,0
DA:23,0
DA:24,0
DA:27,0
DA:31,0
DA:47,0
DA:51,0
DA:55,0
DA:56,0
DA:59,0
DA:60,0
DA:61,0
DA:64,0
DA:65,0
DA:67,0
DA:74,0
DA:90,0
DA:91,0
DA:94,0
DA:98,0
DA:99,0
DA:103,0
DA:105,0
DA:106,0
DA:112,0
DA:135,0
DA:145,0
DA:146,0
DA:147,0
DA:150,0
DA:157,0
DA:158,0
DA:159,0
DA:162,0
LF:38
LH:4
BRDA:23,0,0,0
BRDA:55,1,0,0
BRDA:60,2,0,0
BRDA:90,3,0,0
BRDA:105,4,0,0
BRDA:146,5,0,0
BRDA:158,6,0,0
BRF:7
BRH:0
end_of_record
TN:
SF:src/modules/users/user.validation.ts
FNF:0
FNH:0
DA:1,0
DA:3,0
DA:10,0
DA:15,0
LF:4
LH:0
BRF:0
BRH:0
end_of_record
TN:
SF:src/modules/validation/validation.routes.ts
FNF:0
FNH:0
DA:1,0
DA:2,0
DA:3,0
DA:5,0
DA:7,0
DA:9,0
DA:10,0
DA:11,0
DA:12,0
DA:13,0
DA:15,0
LF:11
LH:0
BRF:0
BRH:0
end_of_record
TN:
SF:src/modules/validation/controllers/validation.controller.ts
FN:8,(anonymous_0)
FN:12,(anonymous_1)
FN:22,(anonymous_2)
FN:36,(anonymous_3)
FN:50,(anonymous_4)
FN:61,(anonymous_5)
FNF:6
FNH:0
FNDA:0,(anonymous_0)
FNDA:0,(anonymous_1)
FNDA:0,(anonymous_2)
FNDA:0,(anonymous_3)
FNDA:0,(anonymous_4)
FNDA:0,(anonymous_5)
DA:2,0
DA:3,0
DA:5,0
DA:9,0
DA:13,0
DA:14,0
DA:15,0
DA:17,0
DA:18,0
DA:23,0
DA:24,0
DA:25,0
DA:26,0
DA:28,0
DA:29,0
DA:31,0
DA:32,0
DA:37,0
DA:38,0
DA:39,0
DA:40,0
DA:42,0
DA:43,0
DA:45,0
DA:46,0
DA:51,0
DA:52,0
DA:53,0
DA:54,0
DA:56,0
DA:57,0
DA:62,0
DA:63,0
DA:64,0
DA:65,0
DA:67,0
DA:68,0
LF:37
LH:0
BRF:0
BRH:0
end_of_record
TN:
SF:src/modules/validation/services/validation.service.ts
FN:4,(anonymous_1)
FN:13,(anonymous_2)
FN:14,(anonymous_3)
FN:32,(anonymous_4)
FN:33,(anonymous_5)
FN:50,(anonymous_6)
FN:60,(anonymous_7)
FNF:7
FNH:0
FNDA:0,(anonymous_1)
FNDA:0,(anonymous_2)
FNDA:0,(anonymous_3)
FNDA:0,(anonymous_4)
FNDA:0,(anonymous_5)
FNDA:0,(anonymous_6)
FNDA:0,(anonymous_7)
DA:1,0
DA:3,0
DA:5,0
DA:10,0
DA:14,0
DA:15,0
DA:20,0
DA:33,0
DA:34,0
DA:39,0
DA:51,0
DA:57,0
DA:61,0
DA:65,0
LF:14
LH:0
BRF:0
BRH:0
end_of_record
TN:
SF:src/routes/index.ts
FN:15,(anonymous_1)
FN:17,(anonymous_2)
FN:22,(anonymous_3)
FNF:3
FNH:0
FNDA:0,(anonymous_1)
FNDA:0,(anonymous_2)
FNDA:0,(anonymous_3)
DA:3,0
DA:4,0
DA:5,0
DA:6,0
DA:7,0
DA:8,0
DA:9,0
DA:10,0
DA:11,0
DA:12,0
DA:13,0
DA:15,0
DA:17,0
DA:18,0
DA:22,0
DA:23,0
DA:75,0
DA:76,0
DA:77,0
DA:78,0
DA:79,0
DA:80,0
DA:81,0
DA:82,0
DA:83,0
DA:84,0
DA:85,0
LF:27
LH:0
BRF:0
BRH:0
end_of_record
TN:
SF:src/scripts/reindex-documents.ts
FN:8,reindexDocuments
FN:44,(anonymous_2)
FN:50,(anonymous_3)
FNF:3
FNH:0
FNDA:0,reindexDocuments
FNDA:0,(anonymous_2)
FNDA:0,(anonymous_3)
DA:1,0
DA:2,0
DA:3,0
DA:4,0
DA:5,0
DA:6,0
DA:9,0
DA:11,0
DA:12,0
DA:13,0
DA:16,0
DA:20,0
DA:22,0
DA:23,0
DA:24,0
DA:25,0
DA:26,0
DA:27,0
DA:30,0
DA:31,0
DA:32,0
DA:37,0
DA:40,0
DA:41,0
DA:42,0
DA:43,0
DA:44,0
DA:46,0
DA:50,0
DA:51,0
DA:54,0
DA:55,0
DA:58,0
DA:62,0
DA:63,0
DA:66,0
LF:36
LH:0
BRDA:25,0,0,0
BRDA:33,1,0,0
BRDA:33,1,1,0
BRDA:34,2,0,0
BRDA:34,2,1,0
BRF:5
BRH:0
end_of_record
TN:
SF:src/shared/middleware/auth.middleware.ts
FN:20,(anonymous_1)
FN:42,(anonymous_2)
FN:43,(anonymous_3)
FNF:3
FNH:0
FNDA:0,(anonymous_1)
FNDA:0,(anonymous_2)
FNDA:0,(anonymous_3)
DA:2,1
DA:3,1
DA:4,1
DA:20,1
DA:21,0
DA:22,0
DA:23,0
DA:24,0
DA:27,0
DA:28,0
DA:30,0
DA:31,0
DA:32,0
DA:35,0
DA:36,0
DA:38,0
DA:42,1
DA:43,0
DA:44,0
DA:45,0
DA:47,0
LF:21
LH:5
BRDA:23,0,0,0
BRDA:23,1,0,0
BRDA:23,1,1,0
BRDA:31,2,0,0
BRDA:44,3,0,0
BRDA:44,4,0,0
BRDA:44,4,1,0
BRF:7
BRH:0
end_of_record
TN:
SF:src/shared/middleware/index.ts
FN:45,(anonymous_1)
FN:11,(anonymous_2)
FN:38,(anonymous_3)
FNF:3
FNH:0
FNDA:0,(anonymous_1)
FNDA:0,(anonymous_2)
FNDA:0,(anonymous_3)
DA:1,0
DA:3,0
DA:4,0
DA:5,0
DA:6,0
DA:7,0
DA:8,0
DA:9,0
DA:11,0
DA:13,0
DA:16,0
DA:22,0
DA:23,0
DA:26,0
DA:29,0
DA:35,0
DA:38,0
DA:39,0
DA:40,0
DA:45,0
LF:20
LH:0
BRF:0
BRH:0
end_of_record
TN:
SF:src/shared/middleware/validation.middleware.ts
FN:4,(anonymous_0)
FNF:1
FNH:0
FNDA:0,(anonymous_0)
DA:2,0
DA:4,0
DA:5,0
DA:6,0
DA:7,0
DA:9,0
LF:6
LH:0
BRDA:6,0,0,0
BRF:1
BRH:0
end_of_record
